Arguments: 
  /home/student/.nvm/versions/node/v6.11.3/bin/node /home/student/.nvm/versions/node/v6.11.3/bin/yarn init

PATH: 
  /home/student/.nvm/versions/node/v6.11.3/bin:/usr/local/sbin:/usr/local/bin:/usr/sbin:/usr/bin:/sbin:/bin:/usr/games:/usr/local/games

Yarn version: 
  1.3.2

Node version: 
  6.11.3

Platform: 
  linux x64

npm manifest: 
  No manifest

yarn manifest: 
  No manifest

Lockfile: 
  No lockfile

Trace: 
  Error: canceled
      at Interface.<anonymous> (/home/student/.nvm/versions/node/v6.11.3/lib/node_modules/yarn/lib/cli.js:121045:13)
      at emitNone (events.js:86:13)
      at Interface.emit (events.js:185:7)
      at Interface._ttyWrite (readline.js:725:16)
      at ReadStream.onkeypress (readline.js:120:10)
      at emitTwo (events.js:106:13)
      at ReadStream.emit (events.js:191:7)
      at emitKeys (internal/readline.js:389:14)
      at next (native)
      at ReadStream.onData (readline.js:971:36)
